<?xml version="1.0" encoding="UTF-8"?>
<!-- Generated by org.testng.reporters.JUnitXMLReporter -->
<testsuite hostname="hp-PC" name="Command line test" tests="4" failures="0" timestamp="24 Jul 2018 17:34:50 GMT" time="0.057" errors="0">
  <testcase name="Div" time="0.028" classname="com.qa.test.Demo_Test"/>
  <testcase name="Mul" time="0.0" classname="com.qa.test.Demo_Test"/>
  <testcase name="Sub" time="0.0" classname="com.qa.test.Demo_Test"/>
  <testcase name="sum" time="0.0" classname="com.qa.test.Demo_Test"/>
</testsuite> <!-- Command line test -->
